{"/Users/jc-0003xbinar/MyProgram/backend/workshop/final-project-workshop-binar/backend/src/app.controller.ts": {"path":"/Users/jc-0003xbinar/MyProgram/backend/workshop/final-project-workshop-binar/backend/src/app.controller.ts","statementMap":{"0":{"start":{"line":1,"column":0},"end":{"line":1,"column":66}},"1":{"start":{"line":2,"column":0},"end":{"line":2,"column":43}},"2":{"start":{"line":3,"column":0},"end":{"line":3,"column":45}},"3":{"start":{"line":6,"column":7},"end":{"line":17,"column":null}},"4":{"start":{"line":7,"column":31},"end":{"line":7,"column":43}},"5":{"start":{"line":11,"column":4},"end":{"line":11,"column":38}},"6":{"start":{"line":15,"column":4},"end":{"line":15,"column":52}},"7":{"start":{"line":6,"column":13},"end":{"line":6,"column":26}},"8":{"start":{"line":10,"column":2},"end":{"line":12,"column":null}},"9":{"start":{"line":14,"column":2},"end":{"line":16,"column":null}},"10":{"start":{"line":6,"column":13},"end":{"line":17,"column":null}}},"fnMap":{"0":{"name":"(anonymous_4)","decl":{"start":{"line":7,"column":2},"end":{"line":7,"column":31}},"loc":{"start":{"line":7,"column":53},"end":{"line":7,"column":58}}},"1":{"name":"(anonymous_5)","decl":{"start":{"line":10,"column":2},"end":{"line":10,"column":10}},"loc":{"start":{"line":10,"column":10},"end":{"line":12,"column":3}}},"2":{"name":"(anonymous_6)","decl":{"start":{"line":14,"column":2},"end":{"line":14,"column":11}},"loc":{"start":{"line":14,"column":36},"end":{"line":16,"column":3}}}},"branchMap":{},"s":{"0":1,"1":1,"2":1,"3":1,"4":3,"5":1,"6":2,"7":1,"8":1,"9":1,"10":1},"f":{"0":3,"1":1,"2":2},"b":{}}
,"/Users/jc-0003xbinar/MyProgram/backend/workshop/final-project-workshop-binar/backend/src/app.module.ts": {"path":"/Users/jc-0003xbinar/MyProgram/backend/workshop/final-project-workshop-binar/backend/src/app.module.ts","statementMap":{"0":{"start":{"line":1,"column":0},"end":{"line":1,"column":40}},"1":{"start":{"line":2,"column":0},"end":{"line":2,"column":49}},"2":{"start":{"line":3,"column":0},"end":{"line":3,"column":43}},"3":{"start":{"line":4,"column":0},"end":{"line":4,"column":99}},"4":{"start":{"line":5,"column":0},"end":{"line":5,"column":101}},"5":{"start":{"line":16,"column":7},"end":{"line":16,"column":null}},"6":{"start":{"line":16,"column":13},"end":{"line":16,"column":22}},"7":{"start":{"line":16,"column":13},"end":{"line":16,"column":null}}},"fnMap":{},"branchMap":{},"s":{"0":0,"1":0,"2":0,"3":0,"4":0,"5":0,"6":0,"7":0},"f":{},"b":{}}
,"/Users/jc-0003xbinar/MyProgram/backend/workshop/final-project-workshop-binar/backend/src/app.service.ts": {"path":"/Users/jc-0003xbinar/MyProgram/backend/workshop/final-project-workshop-binar/backend/src/app.service.ts","statementMap":{"0":{"start":{"line":1,"column":0},"end":{"line":1,"column":null}},"1":{"start":{"line":7,"column":0},"end":{"line":7,"column":99}},"2":{"start":{"line":8,"column":0},"end":{"line":8,"column":101}},"3":{"start":{"line":11,"column":7},"end":{"line":69,"column":null}},"4":{"start":{"line":13,"column":21},"end":{"line":13,"column":48}},"5":{"start":{"line":14,"column":21},"end":{"line":14,"column":49}},"6":{"start":{"line":18,"column":4},"end":{"line":18,"column":26}},"7":{"start":{"line":22,"column":4},"end":{"line":67,"column":5}},"8":{"start":{"line":23,"column":33},"end":{"line":23,"column":53}},"9":{"start":{"line":24,"column":34},"end":{"line":24,"column":55}},"10":{"start":{"line":26,"column":6},"end":{"line":26,"column":63}},"11":{"start":{"line":27,"column":6},"end":{"line":27,"column":60}},"12":{"start":{"line":28,"column":6},"end":{"line":28,"column":62}},"13":{"start":{"line":31,"column":6},"end":{"line":31,"column":49}},"14":{"start":{"line":33,"column":8},"end":{"line":34,"column":null}},"15":{"start":{"line":36,"column":6},"end":{"line":36,"column":75}},"16":{"start":{"line":39,"column":6},"end":{"line":39,"column":50}},"17":{"start":{"line":41,"column":8},"end":{"line":42,"column":null}},"18":{"start":{"line":44,"column":6},"end":{"line":44,"column":77}},"19":{"start":{"line":46,"column":6},"end":{"line":60,"column":7}},"20":{"start":{"line":47,"column":8},"end":{"line":57,"column":10}},"21":{"start":{"line":59,"column":8},"end":{"line":59,"column":65}},"22":{"start":{"line":62,"column":6},"end":{"line":62,"column":50}},"23":{"start":{"line":63,"column":6},"end":{"line":65,"column":7}},"24":{"start":{"line":64,"column":8},"end":{"line":64,"column":71}},"25":{"start":{"line":66,"column":6},"end":{"line":66,"column":61}},"26":{"start":{"line":11,"column":13},"end":{"line":11,"column":23}},"27":{"start":{"line":11,"column":13},"end":{"line":69,"column":null}}},"fnMap":{"0":{"name":"(anonymous_2)","decl":{"start":{"line":12,"column":2},"end":{"line":12,"column":null}},"loc":{"start":{"line":14,"column":82},"end":{"line":15,"column":6}}},"1":{"name":"(anonymous_3)","decl":{"start":{"line":17,"column":2},"end":{"line":17,"column":10}},"loc":{"start":{"line":17,"column":10},"end":{"line":19,"column":3}}},"2":{"name":"(anonymous_4)","decl":{"start":{"line":21,"column":2},"end":{"line":21,"column":7}},"loc":{"start":{"line":21,"column":33},"end":{"line":68,"column":3}}}},"branchMap":{"0":{"loc":{"start":{"line":46,"column":6},"end":{"line":60,"column":7}},"type":"if","locations":[{"start":{"line":46,"column":6},"end":{"line":60,"column":7}},{"start":{"line":58,"column":13},"end":{"line":60,"column":7}}]},"1":{"loc":{"start":{"line":46,"column":10},"end":{"line":46,"column":65}},"type":"binary-expr","locations":[{"start":{"line":46,"column":10},"end":{"line":46,"column":35}},{"start":{"line":46,"column":39},"end":{"line":46,"column":65}}]},"2":{"loc":{"start":{"line":63,"column":6},"end":{"line":65,"column":7}},"type":"if","locations":[{"start":{"line":63,"column":6},"end":{"line":65,"column":7}}]}},"s":{"0":1,"1":1,"2":1,"3":1,"4":3,"5":3,"6":1,"7":2,"8":2,"9":2,"10":2,"11":2,"12":2,"13":2,"14":2,"15":1,"16":1,"17":1,"18":1,"19":1,"20":1,"21":0,"22":1,"23":1,"24":1,"25":0,"26":1,"27":1},"f":{"0":3,"1":1,"2":2},"b":{"0":[1,0],"1":[1,1],"2":[1]}}
,"/Users/jc-0003xbinar/MyProgram/backend/workshop/final-project-workshop-binar/backend/src/main.ts": {"path":"/Users/jc-0003xbinar/MyProgram/backend/workshop/final-project-workshop-binar/backend/src/main.ts","statementMap":{"0":{"start":{"line":1,"column":0},"end":{"line":1,"column":43}},"1":{"start":{"line":2,"column":0},"end":{"line":2,"column":41}},"2":{"start":{"line":5,"column":14},"end":{"line":5,"column":49}},"3":{"start":{"line":8,"column":2},"end":{"line":12,"column":5}},"4":{"start":{"line":14,"column":2},"end":{"line":14,"column":45}},"5":{"start":{"line":16,"column":0},"end":{"line":16,"column":12}}},"fnMap":{"0":{"name":"bootstrap","decl":{"start":{"line":4,"column":15},"end":{"line":4,"column":24}},"loc":{"start":{"line":4,"column":24},"end":{"line":15,"column":1}}}},"branchMap":{"0":{"loc":{"start":{"line":14,"column":19},"end":{"line":14,"column":43}},"type":"binary-expr","locations":[{"start":{"line":14,"column":19},"end":{"line":14,"column":35}},{"start":{"line":14,"column":39},"end":{"line":14,"column":43}}]}},"s":{"0":0,"1":0,"2":0,"3":0,"4":0,"5":0},"f":{"0":0},"b":{"0":[0,0]}}
,"/Users/jc-0003xbinar/MyProgram/backend/workshop/final-project-workshop-binar/backend/src/dto/prompt.dto.ts": {"path":"/Users/jc-0003xbinar/MyProgram/backend/workshop/final-project-workshop-binar/backend/src/dto/prompt.dto.ts","statementMap":{"0":{"start":{"line":2,"column":0},"end":{"line":2,"column":13}}},"fnMap":{},"branchMap":{},"s":{"0":1},"f":{},"b":{}}
,"/Users/jc-0003xbinar/MyProgram/backend/workshop/final-project-workshop-binar/backend/src/services/generate_new_project_backend_service.ts": {"path":"/Users/jc-0003xbinar/MyProgram/backend/workshop/final-project-workshop-binar/backend/src/services/generate_new_project_backend_service.ts","statementMap":{"0":{"start":{"line":1,"column":0},"end":{"line":1,"column":71}},"1":{"start":{"line":3,"column":0},"end":{"line":3,"column":38}},"2":{"start":{"line":6,"column":7},"end":{"line":135,"column":null}},"3":{"start":{"line":13,"column":4},"end":{"line":40,"column":7}},"4":{"start":{"line":15,"column":6},"end":{"line":15,"column":71}},"5":{"start":{"line":18,"column":20},"end":{"line":21,"column":8}},"6":{"start":{"line":24,"column":6},"end":{"line":27,"column":9}},"7":{"start":{"line":25,"column":8},"end":{"line":25,"column":78}},"8":{"start":{"line":26,"column":8},"end":{"line":26,"column":20}},"9":{"start":{"line":30,"column":6},"end":{"line":39,"column":9}},"10":{"start":{"line":31,"column":8},"end":{"line":38,"column":9}},"11":{"start":{"line":32,"column":10},"end":{"line":32,"column":70}},"12":{"start":{"line":33,"column":10},"end":{"line":33,"column":20}},"13":{"start":{"line":35,"column":31},"end":{"line":35,"column":78}},"14":{"start":{"line":36,"column":10},"end":{"line":36,"column":38}},"15":{"start":{"line":37,"column":10},"end":{"line":37,"column":42}},"16":{"start":{"line":46,"column":17},"end":{"line":46,"column":32}},"17":{"start":{"line":47,"column":15},"end":{"line":47,"column":37}},"18":{"start":{"line":50,"column":20},"end":{"line":50,"column":56}},"19":{"start":{"line":51,"column":22},"end":{"line":51,"column":50}},"20":{"start":{"line":52,"column":24},"end":{"line":52,"column":57}},"21":{"start":{"line":54,"column":4},"end":{"line":101,"column":5}},"22":{"start":{"line":55,"column":6},"end":{"line":55,"column":72}},"23":{"start":{"line":58,"column":6},"end":{"line":58,"column":60}},"24":{"start":{"line":59,"column":6},"end":{"line":59,"column":53}},"25":{"start":{"line":60,"column":6},"end":{"line":60,"column":45}},"26":{"start":{"line":63,"column":6},"end":{"line":63,"column":65}},"27":{"start":{"line":64,"column":6},"end":{"line":64,"column":74}},"28":{"start":{"line":65,"column":6},"end":{"line":65,"column":43}},"29":{"start":{"line":68,"column":6},"end":{"line":70,"column":8}},"30":{"start":{"line":72,"column":6},"end":{"line":79,"column":8}},"31":{"start":{"line":80,"column":6},"end":{"line":80,"column":73}},"32":{"start":{"line":83,"column":6},"end":{"line":83,"column":47}},"33":{"start":{"line":85,"column":6},"end":{"line":87,"column":8}},"34":{"start":{"line":88,"column":6},"end":{"line":90,"column":8}},"35":{"start":{"line":91,"column":6},"end":{"line":91,"column":18}},"36":{"start":{"line":94,"column":6},"end":{"line":96,"column":8}},"37":{"start":{"line":97,"column":6},"end":{"line":99,"column":7}},"38":{"start":{"line":98,"column":8},"end":{"line":98,"column":57}},"39":{"start":{"line":100,"column":6},"end":{"line":100,"column":61}},"40":{"start":{"line":105,"column":15},"end":{"line":105,"column":37}},"41":{"start":{"line":106,"column":17},"end":{"line":106,"column":32}},"42":{"start":{"line":108,"column":23},"end":{"line":108,"column":63}},"43":{"start":{"line":111,"column":17},"end":{"line":111,"column":53}},"44":{"start":{"line":113,"column":29},"end":{"line":130,"column":2}},"45":{"start":{"line":132,"column":4},"end":{"line":132,"column":61}},"46":{"start":{"line":133,"column":4},"end":{"line":133,"column":70}},"47":{"start":{"line":6,"column":13},"end":{"line":6,"column":45}},"48":{"start":{"line":6,"column":13},"end":{"line":135,"column":null}}},"fnMap":{"0":{"name":"(anonymous_2)","decl":{"start":{"line":7,"column":2},"end":{"line":7,"column":17}},"loc":{"start":{"line":7,"column":2},"end":{"line":7,"column":18}}},"1":{"name":"(anonymous_3)","decl":{"start":{"line":8,"column":2},"end":{"line":8,"column":7}},"loc":{"start":{"line":11,"column":73},"end":{"line":41,"column":3}}},"2":{"name":"(anonymous_4)","decl":{"start":{"line":13,"column":23},"end":{"line":13,"column":24}},"loc":{"start":{"line":13,"column":43},"end":{"line":40,"column":5}}},"3":{"name":"(anonymous_5)","decl":{"start":{"line":24,"column":24},"end":{"line":24,"column":25}},"loc":{"start":{"line":24,"column":39},"end":{"line":27,"column":7}}},"4":{"name":"(anonymous_6)","decl":{"start":{"line":30,"column":24},"end":{"line":30,"column":25}},"loc":{"start":{"line":30,"column":48},"end":{"line":39,"column":7}}},"5":{"name":"(anonymous_7)","decl":{"start":{"line":44,"column":2},"end":{"line":44,"column":7}},"loc":{"start":{"line":44,"column":46},"end":{"line":102,"column":3}}},"6":{"name":"(anonymous_8)","decl":{"start":{"line":104,"column":10},"end":{"line":104,"column":15}},"loc":{"start":{"line":104,"column":52},"end":{"line":134,"column":3}}}},"branchMap":{"0":{"loc":{"start":{"line":10,"column":4},"end":{"line":10,"column":23}},"type":"default-arg","locations":[{"start":{"line":10,"column":21},"end":{"line":10,"column":23}}]},"1":{"loc":{"start":{"line":11,"column":4},"end":{"line":11,"column":73}},"type":"default-arg","locations":[{"start":{"line":11,"column":71},"end":{"line":11,"column":73}}]},"2":{"loc":{"start":{"line":31,"column":8},"end":{"line":38,"column":9}},"type":"if","locations":[{"start":{"line":31,"column":8},"end":{"line":38,"column":9}},{"start":{"line":34,"column":15},"end":{"line":38,"column":9}}]},"3":{"loc":{"start":{"line":97,"column":6},"end":{"line":99,"column":7}},"type":"if","locations":[{"start":{"line":97,"column":6},"end":{"line":99,"column":7}}]}},"s":{"0":1,"1":1,"2":1,"3":0,"4":0,"5":0,"6":0,"7":0,"8":0,"9":0,"10":0,"11":0,"12":0,"13":0,"14":0,"15":0,"16":0,"17":0,"18":0,"19":0,"20":0,"21":0,"22":0,"23":0,"24":0,"25":0,"26":0,"27":0,"28":0,"29":0,"30":0,"31":0,"32":0,"33":0,"34":0,"35":0,"36":0,"37":0,"38":0,"39":0,"40":0,"41":0,"42":0,"43":0,"44":0,"45":0,"46":0,"47":1,"48":1},"f":{"0":0,"1":0,"2":0,"3":0,"4":0,"5":0,"6":0},"b":{"0":[0],"1":[0],"2":[0,0],"3":[0]}}
,"/Users/jc-0003xbinar/MyProgram/backend/workshop/final-project-workshop-binar/backend/src/services/generate_new_project_frontend_service.ts": {"path":"/Users/jc-0003xbinar/MyProgram/backend/workshop/final-project-workshop-binar/backend/src/services/generate_new_project_frontend_service.ts","statementMap":{"0":{"start":{"line":1,"column":0},"end":{"line":1,"column":71}},"1":{"start":{"line":2,"column":0},"end":{"line":2,"column":44}},"2":{"start":{"line":3,"column":0},"end":{"line":3,"column":34}},"3":{"start":{"line":4,"column":0},"end":{"line":4,"column":29}},"4":{"start":{"line":7,"column":7},"end":{"line":350,"column":null}},"5":{"start":{"line":8,"column":26},"end":{"line":8,"column":30}},"6":{"start":{"line":17,"column":4},"end":{"line":40,"column":7}},"7":{"start":{"line":18,"column":6},"end":{"line":18,"column":71}},"8":{"start":{"line":20,"column":20},"end":{"line":23,"column":8}},"9":{"start":{"line":25,"column":6},"end":{"line":28,"column":9}},"10":{"start":{"line":26,"column":8},"end":{"line":26,"column":78}},"11":{"start":{"line":27,"column":8},"end":{"line":27,"column":20}},"12":{"start":{"line":30,"column":6},"end":{"line":39,"column":9}},"13":{"start":{"line":31,"column":8},"end":{"line":38,"column":9}},"14":{"start":{"line":32,"column":10},"end":{"line":32,"column":70}},"15":{"start":{"line":33,"column":10},"end":{"line":33,"column":20}},"16":{"start":{"line":35,"column":31},"end":{"line":35,"column":78}},"17":{"start":{"line":36,"column":10},"end":{"line":36,"column":38}},"18":{"start":{"line":37,"column":10},"end":{"line":37,"column":42}},"19":{"start":{"line":44,"column":4},"end":{"line":75,"column":5}},"20":{"start":{"line":45,"column":6},"end":{"line":45,"column":71}},"21":{"start":{"line":48,"column":22},"end":{"line":48,"column":58}},"22":{"start":{"line":49,"column":24},"end":{"line":49,"column":52}},"23":{"start":{"line":52,"column":6},"end":{"line":52,"column":60}},"24":{"start":{"line":53,"column":6},"end":{"line":53,"column":53}},"25":{"start":{"line":54,"column":6},"end":{"line":54,"column":45}},"26":{"start":{"line":57,"column":6},"end":{"line":57,"column":76}},"27":{"start":{"line":58,"column":6},"end":{"line":65,"column":8}},"28":{"start":{"line":67,"column":6},"end":{"line":67,"column":74}},"29":{"start":{"line":68,"column":6},"end":{"line":68,"column":18}},"30":{"start":{"line":70,"column":6},"end":{"line":70,"column":76}},"31":{"start":{"line":71,"column":6},"end":{"line":73,"column":7}},"32":{"start":{"line":72,"column":8},"end":{"line":72,"column":57}},"33":{"start":{"line":74,"column":6},"end":{"line":74,"column":61}},"34":{"start":{"line":79,"column":4},"end":{"line":142,"column":5}},"35":{"start":{"line":80,"column":6},"end":{"line":83,"column":8}},"36":{"start":{"line":86,"column":22},"end":{"line":86,"column":58}},"37":{"start":{"line":87,"column":24},"end":{"line":87,"column":52}},"38":{"start":{"line":88,"column":26},"end":{"line":88,"column":59}},"39":{"start":{"line":90,"column":6},"end":{"line":90,"column":48}},"40":{"start":{"line":91,"column":6},"end":{"line":91,"column":52}},"41":{"start":{"line":92,"column":6},"end":{"line":92,"column":50}},"42":{"start":{"line":95,"column":6},"end":{"line":95,"column":60}},"43":{"start":{"line":96,"column":6},"end":{"line":96,"column":53}},"44":{"start":{"line":97,"column":6},"end":{"line":97,"column":45}},"45":{"start":{"line":100,"column":6},"end":{"line":111,"column":7}},"46":{"start":{"line":101,"column":8},"end":{"line":101,"column":37}},"47":{"start":{"line":102,"column":25},"end":{"line":102,"column":69}},"48":{"start":{"line":103,"column":8},"end":{"line":103,"column":32}},"49":{"start":{"line":104,"column":8},"end":{"line":104,"column":34}},"50":{"start":{"line":106,"column":8},"end":{"line":109,"column":9}},"51":{"start":{"line":107,"column":10},"end":{"line":107,"column":54}},"52":{"start":{"line":108,"column":10},"end":{"line":108,"column":22}},"53":{"start":{"line":110,"column":8},"end":{"line":110,"column":71}},"54":{"start":{"line":114,"column":6},"end":{"line":114,"column":77}},"55":{"start":{"line":115,"column":6},"end":{"line":115,"column":55}},"56":{"start":{"line":116,"column":6},"end":{"line":116,"column":61}},"57":{"start":{"line":119,"column":6},"end":{"line":119,"column":59}},"58":{"start":{"line":120,"column":6},"end":{"line":120,"column":64}},"59":{"start":{"line":123,"column":6},"end":{"line":123,"column":58}},"60":{"start":{"line":124,"column":6},"end":{"line":124,"column":50}},"61":{"start":{"line":127,"column":6},"end":{"line":127,"column":66}},"62":{"start":{"line":128,"column":6},"end":{"line":128,"column":53}},"63":{"start":{"line":130,"column":6},"end":{"line":132,"column":8}},"64":{"start":{"line":133,"column":6},"end":{"line":133,"column":18}},"65":{"start":{"line":135,"column":6},"end":{"line":135,"column":78}},"66":{"start":{"line":136,"column":6},"end":{"line":136,"column":45}},"67":{"start":{"line":137,"column":6},"end":{"line":140,"column":7}},"68":{"start":{"line":138,"column":8},"end":{"line":138,"column":57}},"69":{"start":{"line":139,"column":8},"end":{"line":139,"column":53}},"70":{"start":{"line":141,"column":6},"end":{"line":141,"column":78}},"71":{"start":{"line":149,"column":24},"end":{"line":163,"column":9}},"72":{"start":{"line":165,"column":23},"end":{"line":181,"column":3}},"73":{"start":{"line":183,"column":22},"end":{"line":183,"column":86}},"74":{"start":{"line":185,"column":26},"end":{"line":227,"column":2}},"75":{"start":{"line":229,"column":31},"end":{"line":242,"column":6}},"76":{"start":{"line":245,"column":4},"end":{"line":245,"column":74}},"77":{"start":{"line":246,"column":4},"end":{"line":246,"column":73}},"78":{"start":{"line":247,"column":4},"end":{"line":247,"column":68}},"79":{"start":{"line":248,"column":4},"end":{"line":248,"column":75}},"80":{"start":{"line":249,"column":4},"end":{"line":252,"column":6}},"81":{"start":{"line":254,"column":4},"end":{"line":254,"column":59}},"82":{"start":{"line":258,"column":4},"end":{"line":282,"column":7}},"83":{"start":{"line":259,"column":6},"end":{"line":259,"column":75}},"84":{"start":{"line":261,"column":6},"end":{"line":281,"column":9}},"85":{"start":{"line":262,"column":8},"end":{"line":268,"column":9}},"86":{"start":{"line":263,"column":10},"end":{"line":265,"column":12}},"87":{"start":{"line":266,"column":10},"end":{"line":266,"column":24}},"88":{"start":{"line":267,"column":10},"end":{"line":267,"column":17}},"89":{"start":{"line":270,"column":8},"end":{"line":273,"column":9}},"90":{"start":{"line":272,"column":10},"end":{"line":272,"column":56}},"91":{"start":{"line":275,"column":8},"end":{"line":277,"column":9}},"92":{"start":{"line":276,"column":10},"end":{"line":276,"column":55}},"93":{"start":{"line":279,"column":8},"end":{"line":279,"column":49}},"94":{"start":{"line":280,"column":8},"end":{"line":280,"column":18}},"95":{"start":{"line":286,"column":4},"end":{"line":348,"column":7}},"96":{"start":{"line":287,"column":6},"end":{"line":287,"column":59}},"97":{"start":{"line":290,"column":28},"end":{"line":295,"column":8}},"98":{"start":{"line":297,"column":26},"end":{"line":297,"column":31}},"99":{"start":{"line":298,"column":22},"end":{"line":306,"column":14}},"100":{"start":{"line":299,"column":8},"end":{"line":305,"column":9}},"101":{"start":{"line":300,"column":10},"end":{"line":302,"column":12}},"102":{"start":{"line":303,"column":10},"end":{"line":303,"column":31}},"103":{"start":{"line":304,"column":10},"end":{"line":304,"column":20}},"104":{"start":{"line":308,"column":6},"end":{"line":322,"column":9}},"105":{"start":{"line":309,"column":23},"end":{"line":309,"column":38}},"106":{"start":{"line":310,"column":8},"end":{"line":310,"column":48}},"107":{"start":{"line":313,"column":8},"end":{"line":321,"column":9}},"108":{"start":{"line":317,"column":10},"end":{"line":317,"column":31}},"109":{"start":{"line":318,"column":10},"end":{"line":318,"column":32}},"110":{"start":{"line":319,"column":10},"end":{"line":319,"column":68}},"111":{"start":{"line":320,"column":10},"end":{"line":320,"column":20}},"112":{"start":{"line":324,"column":6},"end":{"line":327,"column":9}},"113":{"start":{"line":325,"column":22},"end":{"line":325,"column":37}},"114":{"start":{"line":326,"column":8},"end":{"line":326,"column":48}},"115":{"start":{"line":329,"column":6},"end":{"line":335,"column":9}},"116":{"start":{"line":330,"column":8},"end":{"line":330,"column":72}},"117":{"start":{"line":331,"column":8},"end":{"line":331,"column":30}},"118":{"start":{"line":332,"column":8},"end":{"line":334,"column":9}},"119":{"start":{"line":333,"column":10},"end":{"line":333,"column":22}},"120":{"start":{"line":337,"column":6},"end":{"line":344,"column":9}},"121":{"start":{"line":338,"column":8},"end":{"line":338,"column":30}},"122":{"start":{"line":339,"column":8},"end":{"line":343,"column":9}},"123":{"start":{"line":340,"column":31},"end":{"line":340,"column":72}},"124":{"start":{"line":341,"column":10},"end":{"line":341,"column":38}},"125":{"start":{"line":342,"column":10},"end":{"line":342,"column":42}},"126":{"start":{"line":347,"column":6},"end":{"line":347,"column":28}},"127":{"start":{"line":7,"column":13},"end":{"line":7,"column":46}},"128":{"start":{"line":7,"column":13},"end":{"line":350,"column":null}}},"fnMap":{"0":{"name":"(anonymous_2)","decl":{"start":{"line":10,"column":2},"end":{"line":10,"column":17}},"loc":{"start":{"line":10,"column":2},"end":{"line":10,"column":18}}},"1":{"name":"(anonymous_3)","decl":{"start":{"line":12,"column":2},"end":{"line":12,"column":7}},"loc":{"start":{"line":15,"column":73},"end":{"line":41,"column":3}}},"2":{"name":"(anonymous_4)","decl":{"start":{"line":17,"column":23},"end":{"line":17,"column":24}},"loc":{"start":{"line":17,"column":43},"end":{"line":40,"column":5}}},"3":{"name":"(anonymous_5)","decl":{"start":{"line":25,"column":24},"end":{"line":25,"column":25}},"loc":{"start":{"line":25,"column":39},"end":{"line":28,"column":7}}},"4":{"name":"(anonymous_6)","decl":{"start":{"line":30,"column":24},"end":{"line":30,"column":25}},"loc":{"start":{"line":30,"column":48},"end":{"line":39,"column":7}}},"5":{"name":"(anonymous_7)","decl":{"start":{"line":43,"column":2},"end":{"line":43,"column":7}},"loc":{"start":{"line":43,"column":45},"end":{"line":76,"column":3}}},"6":{"name":"(anonymous_8)","decl":{"start":{"line":78,"column":2},"end":{"line":78,"column":7}},"loc":{"start":{"line":78,"column":47},"end":{"line":143,"column":3}}},"7":{"name":"(anonymous_9)","decl":{"start":{"line":145,"column":10},"end":{"line":145,"column":15}},"loc":{"start":{"line":147,"column":23},"end":{"line":255,"column":3}}},"8":{"name":"(anonymous_10)","decl":{"start":{"line":257,"column":10},"end":{"line":257,"column":15}},"loc":{"start":{"line":257,"column":55},"end":{"line":283,"column":3}}},"9":{"name":"(anonymous_11)","decl":{"start":{"line":258,"column":23},"end":{"line":258,"column":24}},"loc":{"start":{"line":258,"column":43},"end":{"line":282,"column":5}}},"10":{"name":"(anonymous_12)","decl":{"start":{"line":261,"column":48},"end":{"line":261,"column":49}},"loc":{"start":{"line":261,"column":74},"end":{"line":281,"column":7}}},"11":{"name":"(anonymous_13)","decl":{"start":{"line":285,"column":10},"end":{"line":285,"column":15}},"loc":{"start":{"line":285,"column":58},"end":{"line":349,"column":3}}},"12":{"name":"(anonymous_14)","decl":{"start":{"line":286,"column":23},"end":{"line":286,"column":24}},"loc":{"start":{"line":286,"column":43},"end":{"line":348,"column":5}}},"13":{"name":"(anonymous_15)","decl":{"start":{"line":298,"column":33},"end":{"line":298,"column":36}},"loc":{"start":{"line":298,"column":38},"end":{"line":306,"column":7}}},"14":{"name":"(anonymous_16)","decl":{"start":{"line":308,"column":39},"end":{"line":308,"column":40}},"loc":{"start":{"line":308,"column":56},"end":{"line":322,"column":7}}},"15":{"name":"(anonymous_17)","decl":{"start":{"line":324,"column":39},"end":{"line":324,"column":40}},"loc":{"start":{"line":324,"column":56},"end":{"line":327,"column":7}}},"16":{"name":"(anonymous_18)","decl":{"start":{"line":329,"column":32},"end":{"line":329,"column":33}},"loc":{"start":{"line":329,"column":47},"end":{"line":335,"column":7}}},"17":{"name":"(anonymous_19)","decl":{"start":{"line":337,"column":32},"end":{"line":337,"column":33}},"loc":{"start":{"line":337,"column":56},"end":{"line":344,"column":7}}}},"branchMap":{"0":{"loc":{"start":{"line":14,"column":4},"end":{"line":14,"column":23}},"type":"default-arg","locations":[{"start":{"line":14,"column":21},"end":{"line":14,"column":23}}]},"1":{"loc":{"start":{"line":15,"column":4},"end":{"line":15,"column":73}},"type":"default-arg","locations":[{"start":{"line":15,"column":71},"end":{"line":15,"column":73}}]},"2":{"loc":{"start":{"line":31,"column":8},"end":{"line":38,"column":9}},"type":"if","locations":[{"start":{"line":31,"column":8},"end":{"line":38,"column":9}},{"start":{"line":34,"column":15},"end":{"line":38,"column":9}}]},"3":{"loc":{"start":{"line":71,"column":6},"end":{"line":73,"column":7}},"type":"if","locations":[{"start":{"line":71,"column":6},"end":{"line":73,"column":7}}]},"4":{"loc":{"start":{"line":106,"column":8},"end":{"line":109,"column":9}},"type":"if","locations":[{"start":{"line":106,"column":8},"end":{"line":109,"column":9}}]},"5":{"loc":{"start":{"line":137,"column":6},"end":{"line":140,"column":7}},"type":"if","locations":[{"start":{"line":137,"column":6},"end":{"line":140,"column":7}}]},"6":{"loc":{"start":{"line":141,"column":30},"end":{"line":141,"column":52}},"type":"binary-expr","locations":[{"start":{"line":141,"column":30},"end":{"line":141,"column":43}},{"start":{"line":141,"column":47},"end":{"line":141,"column":52}}]},"7":{"loc":{"start":{"line":262,"column":8},"end":{"line":268,"column":9}},"type":"if","locations":[{"start":{"line":262,"column":8},"end":{"line":268,"column":9}}]},"8":{"loc":{"start":{"line":270,"column":8},"end":{"line":273,"column":9}},"type":"if","locations":[{"start":{"line":270,"column":8},"end":{"line":273,"column":9}}]},"9":{"loc":{"start":{"line":275,"column":8},"end":{"line":277,"column":9}},"type":"if","locations":[{"start":{"line":275,"column":8},"end":{"line":277,"column":9}}]},"10":{"loc":{"start":{"line":299,"column":8},"end":{"line":305,"column":9}},"type":"if","locations":[{"start":{"line":299,"column":8},"end":{"line":305,"column":9}}]},"11":{"loc":{"start":{"line":313,"column":8},"end":{"line":321,"column":9}},"type":"if","locations":[{"start":{"line":313,"column":8},"end":{"line":321,"column":9}}]},"12":{"loc":{"start":{"line":314,"column":10},"end":{"line":315,"column":24}},"type":"binary-expr","locations":[{"start":{"line":314,"column":10},"end":{"line":314,"column":59}},{"start":{"line":315,"column":10},"end":{"line":315,"column":24}}]},"13":{"loc":{"start":{"line":332,"column":8},"end":{"line":334,"column":9}},"type":"if","locations":[{"start":{"line":332,"column":8},"end":{"line":334,"column":9}}]},"14":{"loc":{"start":{"line":339,"column":8},"end":{"line":343,"column":9}},"type":"if","locations":[{"start":{"line":339,"column":8},"end":{"line":343,"column":9}}]},"15":{"loc":{"start":{"line":339,"column":12},"end":{"line":339,"column":40}},"type":"binary-expr","locations":[{"start":{"line":339,"column":12},"end":{"line":339,"column":22}},{"start":{"line":339,"column":26},"end":{"line":339,"column":40}}]}},"s":{"0":1,"1":1,"2":1,"3":1,"4":1,"5":0,"6":0,"7":0,"8":0,"9":0,"10":0,"11":0,"12":0,"13":0,"14":0,"15":0,"16":0,"17":0,"18":0,"19":0,"20":0,"21":0,"22":0,"23":0,"24":0,"25":0,"26":0,"27":0,"28":0,"29":0,"30":0,"31":0,"32":0,"33":0,"34":0,"35":0,"36":0,"37":0,"38":0,"39":0,"40":0,"41":0,"42":0,"43":0,"44":0,"45":0,"46":0,"47":0,"48":0,"49":0,"50":0,"51":0,"52":0,"53":0,"54":0,"55":0,"56":0,"57":0,"58":0,"59":0,"60":0,"61":0,"62":0,"63":0,"64":0,"65":0,"66":0,"67":0,"68":0,"69":0,"70":0,"71":0,"72":0,"73":0,"74":0,"75":0,"76":0,"77":0,"78":0,"79":0,"80":0,"81":0,"82":0,"83":0,"84":0,"85":0,"86":0,"87":0,"88":0,"89":0,"90":0,"91":0,"92":0,"93":0,"94":0,"95":0,"96":0,"97":0,"98":0,"99":0,"100":0,"101":0,"102":0,"103":0,"104":0,"105":0,"106":0,"107":0,"108":0,"109":0,"110":0,"111":0,"112":0,"113":0,"114":0,"115":0,"116":0,"117":0,"118":0,"119":0,"120":0,"121":0,"122":0,"123":0,"124":0,"125":0,"126":0,"127":1,"128":1},"f":{"0":0,"1":0,"2":0,"3":0,"4":0,"5":0,"6":0,"7":0,"8":0,"9":0,"10":0,"11":0,"12":0,"13":0,"14":0,"15":0,"16":0,"17":0},"b":{"0":[0],"1":[0],"2":[0,0],"3":[0],"4":[0],"5":[0],"6":[0,0],"7":[0],"8":[0],"9":[0],"10":[0],"11":[0],"12":[0,0],"13":[0],"14":[0],"15":[0,0]}}
}
